# JRE version: Java(TM) SE Runtime Environment (17.0.9+11) (build 17.0.9+11-LTS-201)
# Java VM: Java HotSpot(TM) 64-Bit Server VM (17.0.9+11-LTS-201, mixed mode, sharing, tiered, compressed oops, compressed class ptrs, g1 gc, windows-amd64)
GC Precious Log:
 CPUs: 4 total, 4 available
 Memory: 7834M
 Large Page Support: Disabled
 NUMA Support: Disabled
 Compressed Oops: Enabled (32-bit)
 Heap Region Size: 1M
 Heap Min Capacity: 8M
 Heap Initial Capacity: 124M
 Heap Max Capacity: 1960M
 Pre-touch: Disabled
 Parallel Workers: 4
 Concurrent Workers: 1
 Concurrent Refinement Workers: 4
 Periodic GC: Disabled
Heap:
 garbage-first heap   total 90112K, used 61591K [0x0000000085800000, 0x0000000100000000)
  region size 1024K, 36 young (36864K), 2 survivors (2048K)
 Metaspace       used 67934K, committed 68480K, reserved 1114112K
  class space    used 9140K, committed 9408K, reserved 1048576K
GC Heap History (20 events):
Event: 3.603 GC heap before
{Heap before GC invocations=5 (full 0):
 garbage-first heap   total 48128K, used 37792K [0x0000000085800000, 0x0000000100000000)
  region size 1024K, 32 young (32768K), 7 survivors (7168K)
 Metaspace       used 26741K, committed 27136K, reserved 1114112K
  class space    used 3400K, committed 3584K, reserved 1048576K
}
Event: 3.621 GC heap after
{Heap after GC invocations=6 (full 0):
 garbage-first heap   total 49152K, used 16016K [0x0000000085800000, 0x0000000100000000)
  region size 1024K, 7 young (7168K), 7 survivors (7168K)
 Metaspace       used 26741K, committed 27136K, reserved 1114112K
  class space    used 3400K, committed 3584K, reserved 1048576K
}
Event: 4.584 GC heap before
{Heap before GC invocations=6 (full 0):
 garbage-first heap   total 49152K, used 33424K [0x0000000085800000, 0x0000000100000000)
  region size 1024K, 25 young (25600K), 7 survivors (7168K)
 Metaspace       used 30275K, committed 30720K, reserved 1114112K
  class space    used 3875K, committed 4096K, reserved 1048576K
}
Event: 4.594 GC heap after
{Heap after GC invocations=7 (full 0):
 garbage-first heap   total 59392K, used 17417K [0x0000000085800000, 0x0000000100000000)
  region size 1024K, 2 young (2048K), 2 survivors (2048K)
 Metaspace       used 30275K, committed 30720K, reserved 1114112K
  class space    used 3875K, committed 4096K, reserved 1048576K
}
Event: 5.174 GC heap before
{Heap before GC invocations=7 (full 0):
 garbage-first heap   total 59392K, used 36873K [0x0000000085800000, 0x0000000100000000)
  region size 1024K, 23 young (23552K), 2 survivors (2048K)
 Metaspace       used 35587K, committed 35968K, reserved 1114112K
  class space    used 4742K, committed 4928K, reserved 1048576K
}
Event: 5.179 GC heap after
{Heap after GC invocations=8 (full 0):
 garbage-first heap   total 59392K, used 18039K [0x0000000085800000, 0x0000000100000000)
  region size 1024K, 3 young (3072K), 3 survivors (3072K)
 Metaspace       used 35587K, committed 35968K, reserved 1114112K
  class space    used 4742K, committed 4928K, reserved 1048576K
}
Event: 6.070 GC heap before
{Heap before GC invocations=9 (full 0):
 garbage-first heap   total 59392K, used 42615K [0x0000000085800000, 0x0000000100000000)
  region size 1024K, 28 young (28672K), 3 survivors (3072K)
 Metaspace       used 45832K, committed 46208K, reserved 1114112K
  class space    used 6024K, committed 6208K, reserved 1048576K
}
Event: 6.077 GC heap after
{Heap after GC invocations=10 (full 0):
 garbage-first heap   total 59392K, used 20448K [0x0000000085800000, 0x0000000100000000)
  region size 1024K, 4 young (4096K), 4 survivors (4096K)
 Metaspace       used 45832K, committed 46208K, reserved 1114112K
  class space    used 6024K, committed 6208K, reserved 1048576K
}
Event: 6.772 GC heap before
{Heap before GC invocations=10 (full 0):
 garbage-first heap   total 59392K, used 44000K [0x0000000085800000, 0x0000000100000000)
  region size 1024K, 28 young (28672K), 4 survivors (4096K)
 Metaspace       used 52573K, committed 53056K, reserved 1114112K
  class space    used 7030K, committed 7232K, reserved 1048576K
}
Event: 6.780 GC heap after
{Heap after GC invocations=11 (full 0):
 garbage-first heap   total 59392K, used 22236K [0x0000000085800000, 0x0000000100000000)
  region size 1024K, 2 young (2048K), 2 survivors (2048K)
 Metaspace       used 52573K, committed 53056K, reserved 1114112K
  class space    used 7030K, committed 7232K, reserved 1048576K
}
Event: 7.370 GC heap before
{Heap before GC invocations=11 (full 0):
 garbage-first heap   total 59392K, used 45788K [0x0000000085800000, 0x0000000100000000)
  region size 1024K, 25 young (25600K), 2 survivors (2048K)
 Metaspace       used 57928K, committed 58496K, reserved 1114112K
  class space    used 7782K, committed 8064K, reserved 1048576K
}
Event: 7.376 GC heap after
{Heap after GC invocations=12 (full 0):
 garbage-first heap   total 59392K, used 23475K [0x0000000085800000, 0x0000000100000000)
  region size 1024K, 3 young (3072K), 3 survivors (3072K)
 Metaspace       used 57928K, committed 58496K, reserved 1114112K
  class space    used 7782K, committed 8064K, reserved 1048576K
}
Event: 7.605 GC heap before
{Heap before GC invocations=12 (full 0):
 garbage-first heap   total 59392K, used 30643K [0x0000000085800000, 0x0000000100000000)
  region size 1024K, 11 young (11264K), 3 survivors (3072K)
 Metaspace       used 59581K, committed 60096K, reserved 1114112K
  class space    used 8032K, committed 8256K, reserved 1048576K
}
Event: 7.611 GC heap after
{Heap after GC invocations=13 (full 0):
 garbage-first heap   total 59392K, used 24149K [0x0000000085800000, 0x0000000100000000)
  region size 1024K, 3 young (3072K), 3 survivors (3072K)
 Metaspace       used 59581K, committed 60096K, reserved 1114112K
  class space    used 8032K, committed 8256K, reserved 1048576K
}
Event: 8.474 GC heap before
{Heap before GC invocations=14 (full 0):
 garbage-first heap   total 59392K, used 46677K [0x0000000085800000, 0x0000000100000000)
  region size 1024K, 25 young (25600K), 3 survivors (3072K)
 Metaspace       used 62246K, committed 62784K, reserved 1114112K
  class space    used 8458K, committed 8704K, reserved 1048576K
}
Event: 8.492 GC heap after
{Heap after GC invocations=15 (full 0):
 garbage-first heap   total 59392K, used 26834K [0x0000000085800000, 0x0000000100000000)
  region size 1024K, 4 young (4096K), 4 survivors (4096K)
 Metaspace       used 62246K, committed 62784K, reserved 1114112K
  class space    used 8458K, committed 8704K, reserved 1048576K
}
Event: 8.562 GC heap before
{Heap before GC invocations=15 (full 0):
 garbage-first heap   total 59392K, used 27858K [0x0000000085800000, 0x0000000100000000)
  region size 1024K, 5 young (5120K), 4 survivors (4096K)
 Metaspace       used 62378K, committed 62848K, reserved 1114112K
  class space    used 8476K, committed 8704K, reserved 1048576K
}
Event: 8.575 GC heap after
{Heap after GC invocations=16 (full 0):
 garbage-first heap   total 59392K, used 26823K [0x0000000085800000, 0x0000000100000000)
  region size 1024K, 1 young (1024K), 1 survivors (1024K)
 Metaspace       used 62378K, committed 62848K, reserved 1114112K
  class space    used 8476K, committed 8704K, reserved 1048576K
}
Event: 242.692 GC heap before
{Heap before GC invocations=16 (full 0):
 garbage-first heap   total 59392K, used 46279K [0x0000000085800000, 0x0000000100000000)
  region size 1024K, 20 young (20480K), 1 survivors (1024K)
 Metaspace       used 67011K, committed 67584K, reserved 1114112K
  class space    used 9084K, committed 9344K, reserved 1048576K
}
Event: 242.706 GC heap after
{Heap after GC invocations=17 (full 0):
 garbage-first heap   total 90112K, used 27799K [0x0000000085800000, 0x0000000100000000)
  region size 1024K, 2 young (2048K), 2 survivors (2048K)
 Metaspace       used 67011K, committed 67584K, reserved 1114112K
  class space    used 9084K, committed 9344K, reserved 1048576K
}

